Failed to load c++ bson extension, using pure JS version
Starting development server at http://0.0.0.0:8010/
TypeError: Uncaught, unspecified "error" event.
    at TypeError (<anonymous>)
    at EventEmitter.emit (events.js:74:15)
    at Object.index_page [as home_page] (/home/nyf/develop/Code/web/Code/views/page_views.js:57:16)
    at /home/nyf/develop/Code/web/Code/Code/runserver.js:32:22
    at Layer.handle [as handle_request] (/home/nyf/develop/Code/web/Code/Code/node_modules/express/lib/router/layer.js:95:5)
    at next (/home/nyf/develop/Code/web/Code/Code/node_modules/express/lib/router/route.js:131:13)
    at Route.dispatch (/home/nyf/develop/Code/web/Code/Code/node_modules/express/lib/router/route.js:112:3)
    at Layer.handle [as handle_request] (/home/nyf/develop/Code/web/Code/Code/node_modules/express/lib/router/layer.js:95:5)
    at /home/nyf/develop/Code/web/Code/Code/node_modules/express/lib/router/index.js:277:22
    at Function.process_params (/home/nyf/develop/Code/web/Code/Code/node_modules/express/lib/router/index.js:330:12)
read 565bytes
read 0bytes

http.js:691
    throw new Error('Can\'t set headers after they are sent.');
          ^
Error: Can't set headers after they are sent.
    at ServerResponse.OutgoingMessage.setHeader (http.js:691:11)
    at ServerResponse.header (/home/nyf/develop/Code/web/Code/Code/node_modules/express/lib/response.js:718:10)
    at ServerResponse.send (/home/nyf/develop/Code/web/Code/Code/node_modules/express/lib/response.js:163:12)
    at /home/nyf/develop/Code/web/Code/Code/runserver.js:33:7
    at null._onTimeout (/home/nyf/develop/Code/web/Code/views/page_views.js:43:5)
    at Timer.listOnTimeout [as ontimeout] (timers.js:110:15)
Failed to load c++ bson extension, using pure JS version
Starting development server at http://0.0.0.0:8010/
read 565bytes
read 0bytes
read 565bytes
read 0bytes
read 565bytes
read 0bytes
